<?xml version="1.0" encoding="UTF-8"?>
<testng-results ignored="0" total="4" passed="3" failed="1" skipped="0">
  <reporter-output>
  </reporter-output>
  <suite started-at="2024-01-18T12:45:19 IST" name="Suite" finished-at="2024-01-18T12:45:28 IST" duration-ms="9498">
    <groups>
    </groups>
    <test started-at="2024-01-18T12:45:19 IST" name="Test" finished-at="2024-01-18T12:45:28 IST" duration-ms="9498">
      <class name="com.techment.test.Test1">
        <test-method is-config="true" signature="Setup()[pri:0, instance:com.techment.test.Test1@6aa8e115]" started-at="2024-01-18T12:45:19 IST" name="Setup" finished-at="2024-01-18T12:45:26 IST" duration-ms="7485" status="PASS">
          <reporter-output>
          </reporter-output>
        </test-method> <!-- Setup -->
        <test-method is-config="true" signature="Setup()[pri:0, instance:com.techment.test.Test1@6aa8e115]" started-at="2024-01-18T12:45:19 IST" name="Setup" finished-at="2024-01-18T12:45:28 IST" duration-ms="8750" status="PASS">
          <reporter-output>
          </reporter-output>
        </test-method> <!-- Setup -->
        <test-method is-config="true" signature="Setup()[pri:0, instance:com.techment.test.Test1@6aa8e115]" started-at="2024-01-18T12:45:19 IST" name="Setup" finished-at="2024-01-18T12:45:26 IST" duration-ms="7321" status="PASS">
          <reporter-output>
          </reporter-output>
        </test-method> <!-- Setup -->
        <test-method is-config="true" signature="Setup()[pri:0, instance:com.techment.test.Test1@6aa8e115]" started-at="2024-01-18T12:45:19 IST" name="Setup" finished-at="2024-01-18T12:45:26 IST" duration-ms="7683" status="PASS">
          <reporter-output>
          </reporter-output>
        </test-method> <!-- Setup -->
        <test-method signature="tc4()[pri:0, instance:com.techment.test.Test1@6aa8e115]" started-at="2024-01-18T12:45:26 IST" name="tc4" finished-at="2024-01-18T12:45:27 IST" duration-ms="1273" status="PASS">
          <reporter-output>
          </reporter-output>
        </test-method> <!-- tc4 -->
        <test-method signature="tc2()[pri:0, instance:com.techment.test.Test1@6aa8e115]" started-at="2024-01-18T12:45:26 IST" name="tc2" finished-at="2024-01-18T12:45:27 IST" duration-ms="382" status="FAIL">
          <exception class="java.lang.NullPointerException">
            <message>
              <![CDATA[Cannot invoke "com.techment.pages.LoginPage.getData2()" because "this.l" is null]]>
            </message>
            <full-stacktrace>
              <![CDATA[java.lang.NullPointerException: Cannot invoke "com.techment.pages.LoginPage.getData2()" because "this.l" is null
at com.techment.test.Test1.tc2(Test1.java:99)
at java.base/jdk.internal.reflect.NativeMethodAccessorImpl.invoke0(Native Method)
at java.base/jdk.internal.reflect.NativeMethodAccessorImpl.invoke(NativeMethodAccessorImpl.java:77)
at java.base/jdk.internal.reflect.DelegatingMethodAccessorImpl.invoke(DelegatingMethodAccessorImpl.java:43)
at java.base/java.lang.reflect.Method.invoke(Method.java:568)
at org.testng.internal.MethodInvocationHelper.invokeMethod(MethodInvocationHelper.java:133)
at org.testng.internal.TestInvoker.invokeMethod(TestInvoker.java:598)
at org.testng.internal.TestInvoker.invokeTestMethod(TestInvoker.java:173)
at org.testng.internal.MethodRunner.runInSequence(MethodRunner.java:46)
at org.testng.internal.TestInvoker$MethodInvocationAgent.invoke(TestInvoker.java:824)
at org.testng.internal.TestInvoker.invokeTestMethods(TestInvoker.java:146)
at org.testng.internal.TestMethodWorker.invokeTestMethods(TestMethodWorker.java:146)
at org.testng.internal.TestMethodWorker.run(TestMethodWorker.java:128)
at java.base/java.util.concurrent.ThreadPoolExecutor.runWorker(ThreadPoolExecutor.java:1136)
at java.base/java.util.concurrent.ThreadPoolExecutor$Worker.run(ThreadPoolExecutor.java:635)
at java.base/java.lang.Thread.run(Thread.java:833)
]]>
            </full-stacktrace>
          </exception> <!-- java.lang.NullPointerException -->
          <reporter-output>
          </reporter-output>
        </test-method> <!-- tc2 -->
        <test-method signature="tc3()[pri:0, instance:com.techment.test.Test1@6aa8e115]" started-at="2024-01-18T12:45:26 IST" name="tc3" finished-at="2024-01-18T12:45:28 IST" duration-ms="1536" status="PASS">
          <reporter-output>
          </reporter-output>
        </test-method> <!-- tc3 -->
        <test-method is-config="true" signature="tearDown(org.testng.ITestResult)[pri:0, instance:com.techment.test.Test1@6aa8e115]" started-at="2024-01-18T12:45:27 IST" name="tearDown" finished-at="2024-01-18T12:45:28 IST" duration-ms="1287" status="PASS">
          <params>
            <param index="0">
              <value>
                <![CDATA[[TestResult name=tc2 status=FAILURE method=Test1.tc2()[pri:0, instance:com.techment.test.Test1@6aa8e115] output={null}]]]>
              </value>
            </param>
          </params>
          <reporter-output>
          </reporter-output>
        </test-method> <!-- tearDown -->
        <test-method is-config="true" signature="tearDown(org.testng.ITestResult)[pri:0, instance:com.techment.test.Test1@6aa8e115]" started-at="2024-01-18T12:45:27 IST" name="tearDown" finished-at="2024-01-18T12:45:28 IST" duration-ms="502" status="PASS">
          <params>
            <param index="0">
              <value>
                <![CDATA[[TestResult name=tc4 status=SUCCESS method=Test1.tc4()[pri:0, instance:com.techment.test.Test1@6aa8e115] output={null}]]]>
              </value>
            </param>
          </params>
          <reporter-output>
          </reporter-output>
        </test-method> <!-- tearDown -->
        <test-method signature="tc1()[pri:0, instance:com.techment.test.Test1@6aa8e115]" started-at="2024-01-18T12:45:28 IST" name="tc1" finished-at="2024-01-18T12:45:28 IST" duration-ms="80" status="PASS">
          <reporter-output>
          </reporter-output>
        </test-method> <!-- tc1 -->
        <test-method is-config="true" signature="tearDown(org.testng.ITestResult)[pri:0, instance:com.techment.test.Test1@6aa8e115]" started-at="2024-01-18T12:45:28 IST" name="tearDown" finished-at="2024-01-18T12:45:28 IST" duration-ms="328" status="PASS">
          <params>
            <param index="0">
              <value>
                <![CDATA[[TestResult name=tc1 status=SUCCESS method=Test1.tc1()[pri:0, instance:com.techment.test.Test1@6aa8e115] output={null}]]]>
              </value>
            </param>
          </params>
          <reporter-output>
          </reporter-output>
        </test-method> <!-- tearDown -->
        <test-method is-config="true" signature="tearDown(org.testng.ITestResult)[pri:0, instance:com.techment.test.Test1@6aa8e115]" started-at="2024-01-18T12:45:28 IST" name="tearDown" finished-at="2024-01-18T12:45:28 IST" duration-ms="244" status="PASS">
          <params>
            <param index="0">
              <value>
                <![CDATA[[TestResult name=tc3 status=SUCCESS method=Test1.tc3()[pri:0, instance:com.techment.test.Test1@6aa8e115] output={null}]]]>
              </value>
            </param>
          </params>
          <reporter-output>
          </reporter-output>
        </test-method> <!-- tearDown -->
        <test-method is-config="true" signature="afterclass()[pri:0, instance:com.techment.test.Test1@6aa8e115]" started-at="2024-01-18T12:45:28 IST" name="afterclass" finished-at="2024-01-18T12:45:28 IST" duration-ms="0" status="PASS">
          <reporter-output>
          </reporter-output>
        </test-method> <!-- afterclass -->
      </class> <!-- com.techment.test.Test1 -->
    </test> <!-- Test -->
  </suite> <!-- Suite -->
</testng-results>
