<?xml version="1.0" encoding="UTF-8"?>
<!-- Generated by org.testng.reporters.JUnitXMLReporter -->
<testsuite ignored="0" hostname="Uva_K_P" failures="1" tests="4" name="Test" time="9.498" errors="0" timestamp="2024-01-18T12:45:28 IST">
  <testcase classname="com.techment.test.Test1" name="tc2" time="0.382">
    <failure type="java.lang.NullPointerException" message="Cannot invoke &amp;quot;com.techment.pages.LoginPage.getData2()&amp;quot; because &amp;quot;this.l&amp;quot; is null">
      <![CDATA[java.lang.NullPointerException: Cannot invoke "com.techment.pages.LoginPage.getData2()" because "this.l" is null
at com.techment.test.Test1.tc2(Test1.java:99)
at java.base/java.util.concurrent.ThreadPoolExecutor.runWorker(ThreadPoolExecutor.java:1136)
at java.base/java.util.concurrent.ThreadPoolExecutor$Worker.run(ThreadPoolExecutor.java:635)
at java.base/java.lang.Thread.run(Thread.java:833)
... Removed 12 stack frames]]>
    </failure>
  </testcase> <!-- tc2 -->
  <testcase classname="com.techment.test.Test1" name="tc4" time="1.273"/>
  <testcase classname="com.techment.test.Test1" name="tc1" time="0.08"/>
  <testcase classname="com.techment.test.Test1" name="tc3" time="1.536"/>
</testsuite> <!-- Test -->
